<?xml version="1.0" encoding="utf-8"?><testsuites name="pytest tests"><testsuite name="pytest" errors="0" failures="0" skipped="0" tests="113" time="86.094" timestamp="2026-07-29T20:00:29.055083+09:00" hostname="HS-4070"><testcase classname="tests.data.test_dataset_manifest_round2" name="test_hash_cache_is_invalidated_by_file_metadata" time="0.034" /><testcase classname="tests.data.test_dataset_manifest_round2" name="test_partial_manifest_is_explicitly_truncated" time="0.004" /><testcase classname="tests.data.test_dataset_manifest_round2" name="test_full_manifest_records_label_semantics" time="0.004" /><testcase classname="tests.data.test_dataset_manifest_round2" name="test_full_manifest_hashes_auxiliary_source_files" time="0.004" /><testcase classname="tests.data.test_sci_dataset_v2" name="test_multiset_digest_is_order_independent_and_duplicate_sensitive" time="0.015" /><testcase classname="tests.data.test_sci_dataset_v2" name="test_build_preserves_rows_and_embeds_cutoff_provenance" time="0.346" /><testcase classname="tests.data.test_sci_dataset_v2" name="test_audit_detects_future_edge" time="0.097" /><testcase classname="tests.data.test_split_artifact" name="test_split_artifact_is_immutable_and_truthful" time="0.195" /><testcase classname="tests.data.test_temporal_integrity" name="test_temporal_split_is_stable_and_disjoint" time="0.001" /><testcase classname="tests.data.test_temporal_integrity" name="test_rolling_origin_expands_training_window" time="0.001" /><testcase classname="tests.data.test_temporal_integrity" name="test_future_feature_relation_and_scaler_are_rejected" time="0.001" /><testcase classname="tests.data.test_temporal_integrity" name="test_entity_overlap_is_reported_not_hidden" time="0.001" /><testcase classname="tests.experiments.test_calibration_statistics" name="test_calibration_metrics_and_temperature_are_deterministic" time="0.190" /><testcase classname="tests.experiments.test_calibration_statistics" name="test_paired_bootstrap_effect_and_holm" time="0.358" /><testcase classname="tests.experiments.test_provenance" name="test_result_schema_accepts_complete_record_and_rejects_bad_counts" time="0.001" /><testcase classname="tests.experiments.test_sci_orchestrator" name="test_prerequisites_fail_closed_on_incomplete_leakage_audit" time="0.013" /><testcase classname="tests.experiments.test_synthetic_baseline_guard" name="test_synthetic_baseline_is_explicitly_guarded" time="0.015" /><testcase classname="tests.profiling.test_cuda_timing" name="test_synchronizer_wraps_timed_region" time="0.001" /><testcase classname="tests.profiling.test_cuda_timing" name="test_cpu_fallback_is_safe" time="0.345" /><testcase classname="tests.profiling.test_memory_slope" name="test_memory_slope_peak_and_component_bytes" time="0.033" /><testcase classname="tests.profiling.test_streaming_profiler" name="test_nested_timers_percentiles_and_trace" time="0.002" /><testcase classname="tests.profiling.test_streaming_profiler" name="test_timer_nesting_violation_is_rejected" time="0.001" /><testcase classname="tests.pygod_integration.test_dlg_pygod" name="test_data_adapter_batch" time="0.204" /><testcase classname="tests.pygod_integration.test_dlg_pygod" name="test_data_adapter_streaming" time="0.015" /><testcase classname="tests.pygod_integration.test_dlg_pygod" name="test_dlg_pygod_compatibility" time="0.584" /><testcase classname="tests.reporting.test_legacy_claim_guard" name="test_legacy_hard_coded_claim_report_is_disabled" time="0.001" /><testcase classname="tests.reporting.test_legacy_claim_guard" name="test_legacy_hard_coded_latex_report_is_disabled" time="0.001" /><testcase classname="tests.reporting.test_sci_verification_report" name="test_model_has_all_sections_and_marks_missing_results" time="0.059" /><testcase classname="tests.reporting.test_sci_verification_report" name="test_validator_detects_evidence_hash_mismatch" time="0.044" /><testcase classname="tests.reporting.test_sci_verification_report" name="test_evidence_collector_excludes_unrelated_tests" time="0.006" /><testcase classname="tests.reporting.test_sci_verification_report" name="test_evidence_collector_excludes_self_mutating_report_logs" time="0.004" /><testcase classname="tests.reporting.test_sci_verification_report" name="test_round2_manifest_overrides_legacy_manifest" time="0.002" /><testcase classname="tests.selection.test_router" name="test_dual_threshold_boundaries" time="0.001" /><testcase classname="tests.selection.test_router" name="test_risk_sensitive_routing_overrides_confidence" time="0.001" /><testcase classname="tests.selection.test_router" name="test_invalid_thresholds_rejected" time="0.000" /><testcase classname="tests.selection.test_router" name="test_threshold_tuning_is_validation_only" time="0.001" /><testcase classname="tests.streaming.test_bounded_state" name="test_subgraph_is_recent_bounded_and_snapshot_restores" time="0.001" /><testcase classname="tests.streaming.test_bounded_state" name="test_embedding_cache_enforces_lru_ttl_and_versions" time="0.001" /><testcase classname="tests.streaming.test_bounded_state" name="test_queue_keeps_higher_risk_under_backpressure_and_expires" time="0.001" /><testcase classname="tests.streaming.test_bounded_state" name="test_relation_state_rejects_future_and_expires" time="0.000" /><testcase classname="tests.streaming.test_engine" name="test_engine_emits_routing_trace_and_stable_prediction_hash" time="0.001" /><testcase classname="tests.streaming.test_stateful_stream" name="test_replay_and_restore_are_equivalent" time="0.001" /><testcase classname="tests.streaming.test_stateful_stream" name="test_malformed_records_are_quarantined" time="0.001" /><testcase classname="tests.streaming.test_stateful_stream" name="test_merged_multichain_stream_is_chronological" time="0.001" /><testcase classname="tests.unit.test_mc_dropout" name="test_mc_dropout_restores_state" time="0.001" /><testcase classname="tests.unit.test_mc_dropout" name="test_mc_dropout_estimator_basic" time="0.065" /><testcase classname="tests.unit.test_mc_dropout" name="test_mc_dropout_inject_aux" time="0.009" /><testcase classname="tests.unit.test_phase1_level1" name="test_types_contract" time="0.001" /><testcase classname="tests.unit.test_phase1_level1" name="test_level1_model_forward" time="0.058" /><testcase classname="tests.unit.test_phase1_level1" name="test_level1_trainer_train_and_eval" time="0.068" /><testcase classname="tests.unit.test_phase1_level1" name="test_train_level1_pipeline_saves_checkpoints" time="0.060" /><testcase classname="tests.unit.test_phase1_level1" name="test_export_level1_embeddings_creates_bundle" time="0.056" /><testcase classname="tests.unit.test_phase2_level1_data_and_eval" name="test_level1_dataset_load_and_infer_dims" time="0.004" /><testcase classname="tests.unit.test_phase2_level1_data_and_eval" name="test_builder_random_split_is_reproducible" time="0.006" /><testcase classname="tests.unit.test_phase2_level1_data_and_eval" name="test_builder_temporal_split_and_struct_normalization" time="0.012" /><testcase classname="tests.unit.test_phase2_level1_data_and_eval" name="test_fraud_metrics_basic" time="0.031" /><testcase classname="tests.unit.test_phase2_level1_data_and_eval" name="test_level1_evaluator_loader_and_bundle" time="0.053" /><testcase classname="tests.unit.test_phase3_level2" name="test_knn_edge_builder_shape_and_symmetry" time="0.007" /><testcase classname="tests.unit.test_phase3_level2" name="test_temporal_window_edge_builder" time="0.001" /><testcase classname="tests.unit.test_phase3_level2" name="test_shared_entity_edge_builder_adj_matrix" time="0.001" /><testcase classname="tests.unit.test_phase3_level2" name="test_shared_entity_edge_builder_edge_list" time="0.001" /><testcase classname="tests.unit.test_phase3_level2" name="test_derive_level2_label_strategies" time="0.001" /><testcase classname="tests.unit.test_phase3_level2" name="test_build_level2_graph_knn" time="0.001" /><testcase classname="tests.unit.test_phase3_level2" name="test_build_level2_graph_temporal" time="0.001" /><testcase classname="tests.unit.test_phase3_level2" name="test_build_level2_graph_multi_relation" time="0.001" /><testcase classname="tests.unit.test_phase3_level2" name="test_level2_dataset_validate_and_dims" time="0.002" /><testcase classname="tests.unit.test_phase3_level2" name="test_level2_dataset_save_and_load" time="0.005" /><testcase classname="tests.unit.test_phase3_level2" name="test_level2_model_forward" time="0.144" /><testcase classname="tests.unit.test_phase3_level2" name="test_level2_model_forward_no_edge_attr" time="0.016" /><testcase classname="tests.unit.test_phase3_level2" name="test_level2_trainer_train_and_eval" time="0.053" /><testcase classname="tests.unit.test_phase3_level2" name="test_train_level2_pipeline_saves_checkpoints" time="0.048" /><testcase classname="tests.unit.test_phase3_level2" name="test_level1_to_level2_full_pipeline" time="0.039" /><testcase classname="tests.unit.test_phase4_fusion.TestFusionInput" name="test_basic_shape_normalization" time="0.019" /><testcase classname="tests.unit.test_phase4_fusion.TestFusionInput" name="test_shape_mismatch_raises" time="0.001" /><testcase classname="tests.unit.test_phase4_fusion.TestFusionInput" name="test_without_label" time="0.001" /><testcase classname="tests.unit.test_phase4_fusion.TestFusionInput" name="test_n_property" time="0.014" /><testcase classname="tests.unit.test_phase4_fusion.TestWeightedSumFusion" name="test_output_shape" time="0.014" /><testcase classname="tests.unit.test_phase4_fusion.TestWeightedSumFusion" name="test_score_in_range" time="0.014" /><testcase classname="tests.unit.test_phase4_fusion.TestWeightedSumFusion" name="test_weight_normalization" time="0.001" /><testcase classname="tests.unit.test_phase4_fusion.TestWeightedSumFusion" name="test_equal_weight_gives_average" time="0.001" /><testcase classname="tests.unit.test_phase4_fusion.TestWeightedSumFusion" name="test_level2_heavy_raises_score" time="0.001" /><testcase classname="tests.unit.test_phase4_fusion.TestWeightedSumFusion" name="test_factory" time="0.001" /><testcase classname="tests.unit.test_phase4_fusion.TestWeightedSumFusion" name="test_callable_interface" time="0.013" /><testcase classname="tests.unit.test_phase4_fusion.TestWeightedSumFusion" name="test_metadata_keys" time="0.015" /><testcase classname="tests.unit.test_phase4_fusion.TestCalibratedFusion" name="test_output_shape" time="0.016" /><testcase classname="tests.unit.test_phase4_fusion.TestCalibratedFusion" name="test_temperature_softens_score" time="0.001" /><testcase classname="tests.unit.test_phase4_fusion.TestCalibratedFusion" name="test_positive_bias_raises_score" time="0.001" /><testcase classname="tests.unit.test_phase4_fusion.TestCalibratedFusion" name="test_factory" time="0.001" /><testcase classname="tests.unit.test_phase4_fusion.TestLearnedFusion" name="test_forward_shape" time="0.023" /><testcase classname="tests.unit.test_phase4_fusion.TestLearnedFusion" name="test_forward_no_logits" time="0.014" /><testcase classname="tests.unit.test_phase4_fusion.TestLearnedFusion" name="test_input_feature_dim" time="0.002" /><testcase classname="tests.unit.test_phase4_fusion.TestLearnedFusion" name="test_train_eval_mode_switch" time="0.003" /><testcase classname="tests.unit.test_phase4_fusion.TestLearnedFusion" name="test_factory" time="0.001" /><testcase classname="tests.unit.test_phase4_fusion.TestFusionTrainer" name="test_trainer_runs_without_error" time="0.057" /><testcase classname="tests.unit.test_phase4_fusion.TestFusionTrainer" name="test_early_stopping_triggers" time="0.045" /><testcase classname="tests.unit.test_phase4_fusion.TestFusionTrainer" name="test_requires_label_for_fit" time="0.031" /><testcase classname="tests.unit.test_phase4_fusion.TestFusionEnsemble" name="test_mean_mode_output_shape" time="0.016" /><testcase classname="tests.unit.test_phase4_fusion.TestFusionEnsemble" name="test_max_mode" time="0.017" /><testcase classname="tests.unit.test_phase4_fusion.TestFusionEnsemble" name="test_vote_mode" time="0.016" /><testcase classname="tests.unit.test_phase4_fusion.TestFusionEnsemble" name="test_empty_strategies_raises" time="0.001" /><testcase classname="tests.unit.test_phase4_fusion.TestFusionEnsemble" name="test_ensemble_mean_is_between_strategies" time="0.015" /><testcase classname="tests.unit.test_phase4_fusion.TestFusionEnsemble" name="test_factory_ensemble" time="0.001" /><testcase classname="tests.unit.test_phase4_fusion.TestFusionEnsemble" name="test_metadata_sub_strategies" time="0.016" /><testcase classname="tests.unit.test_phase4_fusion.TestComputeFusionMetrics" name="test_perfect_prediction" time="0.005" /><testcase classname="tests.unit.test_phase4_fusion.TestComputeFusionMetrics" name="test_all_wrong_prediction" time="0.002" /><testcase classname="tests.unit.test_phase4_fusion.TestComputeFusionMetrics" name="test_requires_label" time="0.001" /><testcase classname="tests.unit.test_phase4_fusion.TestComputeFusionMetrics" name="test_metric_keys" time="0.019" /><testcase classname="tests.unit.test_phase4_fusion.TestSaveLoadLearnedFusion" name="test_save_and_load" time="0.003" /><testcase classname="tests.unit.test_phase4_fusion.TestSaveLoadLearnedFusion" name="test_loaded_weights_are_identical" time="0.019" /><testcase classname="tests.unit.test_phase4_fusion.TestEndToEnd" name="test_weighted_to_learned_improvement" time="0.081" /><testcase classname="tests.unit.test_phase4_fusion.TestEndToEnd" name="test_full_pipeline_weighted_sum_to_metrics" time="0.015" /><testcase classname="tests.unit.test_phase4_fusion.TestEndToEnd" name="test_full_pipeline_ensemble" time="0.019" /><testcase classname="tests.test_ngnn" name="test_ngnn_module" time="0.094" /></testsuite></testsuites>